<?xml version="1.0" encoding="UTF-8"?>
<!-- Generated by org.testng.reporters.JUnitReportReporter -->
<testsuite hostname="LAPTOP-32EB00DR" failures="0" tests="1" name="runner.CucumberTestNGRunner" time="20.506" errors="0" timestamp="2022-09-09T02:26:57 SGT" skipped="0">
  <testcase classname="runner.CucumberTestNGRunner" name="runScenario" time="20.506"/>
  <system-out/>
</testsuite> <!-- runner.CucumberTestNGRunner -->
