<?xml version="1.0" encoding="UTF-8"?>
<!-- Generated by org.testng.reporters.JUnitReportReporter -->
<testsuite hostname="LAPTOP-32EB00DR" failures="0" tests="3" name="runner.CucumberTestNGRunner" time="46.683" errors="0" timestamp="2022-09-09T02:38:39 SGT" skipped="0">
  <testcase classname="runner.CucumberTestNGRunner" name="runScenario" time="13.510"/>
  <system-out/>
  <testcase classname="runner.CucumberTestNGRunner" name="runScenario" time="11.534"/>
  <system-out/>
  <testcase classname="runner.CucumberTestNGRunner" name="runScenario" time="21.639"/>
  <system-out/>
</testsuite> <!-- runner.CucumberTestNGRunner -->
